<?xml version="1.0" encoding="utf-8" standalone="no"?>
<test-results xmlns:xsi="http://www.w3.org/2001/XMLSchema-instance" xsi:noNamespaceSchemaLocation="nunit_schema_2.5.xsd" name="Pester" total="11" errors="0" failures="0" not-run="0" inconclusive="0" ignored="0" skipped="9" invalid="0" date="2026-01-13" time="15:29:52">
  <environment user-domain="FLEXNETOS-1001" user="De-Flex.Net" cwd="C:\Users\De-Flex.Net\source\repos\OKComputer_Re-Audit Ripple Environment\ripple-env" nunit-version="2.5.8.0" os-version="10.0.26220" clr-version="9.0.10" platform="Microsoft Windows 11 Pro|C:\WINDOWS|\Device\Harddisk4\Partition3" machine-name="FLEXNETOS-1001" />
  <culture-info current-culture="en-US" current-uiculture="en-US" />
  <test-suite type="TestFixture" name="Pester" executed="True" result="Ignored" success="True" time="34.9847" asserts="0" description="Pester">
    <results>
      <test-suite type="TestFixture" name="C:\Users\De-Flex.Net\source\repos\OKComputer_Re-Audit Ripple Environment\ripple-env\test\integration\wsl-setup.tests.ps1" executed="True" result="Ignored" success="True" time="34.9847" asserts="0" description="C:\Users\De-Flex.Net\source\repos\OKComputer_Re-Audit Ripple Environment\ripple-env\test\integration\wsl-setup.tests.ps1">
        <results>
          <test-suite type="TestFixture" name="WSL2 Environment" executed="True" result="Ignored" success="True" time="0.054" asserts="0" description="WSL2 Environment">
            <results>
              <test-case description="Should have WSL installed" name="WSL2 Environment.Should have WSL installed" time="0.0054" asserts="0" success="True" result="Success" executed="True" />
              <test-case description="Should have WSL2 as default version" name="WSL2 Environment.Should have WSL2 as default version" time="0.003" asserts="0" success="False" result="Ignored" executed="False" />
              <test-case description="Should be able to run basic Linux commands" name="WSL2 Environment.Should be able to run basic Linux commands" time="0.0014" asserts="0" success="False" result="Ignored" executed="False" />
            </results>
          </test-suite>
          <test-suite type="TestFixture" name="NixOS Distribution" executed="True" result="Ignored" success="True" time="0.0606" asserts="0" description="NixOS Distribution">
            <results>
              <test-case description="Should have NixOS-Ripple-Test distribution" name="NixOS Distribution.Should have NixOS-Ripple-Test distribution" time="0.0026" asserts="0" success="False" result="Ignored" executed="False" />
              <test-case description="Should have Nix installed in the distribution" name="NixOS Distribution.Should have Nix installed in the distribution" time="0.001" asserts="0" success="False" result="Ignored" executed="False" />
              <test-case description="Should have flakes enabled" name="NixOS Distribution.Should have flakes enabled" time="0.0011" asserts="0" success="False" result="Ignored" executed="False" />
            </results>
          </test-suite>
          <test-suite type="TestFixture" name="Development Environment" executed="True" result="Ignored" success="True" time="0.0691" asserts="0" description="Development Environment">
            <results>
              <test-case description="Should have ripple-env repository cloned" name="Development Environment.Should have ripple-env repository cloned" time="0.003" asserts="0" success="False" result="Ignored" executed="False" />
              <test-case description="Should have valid flake.nix" name="Development Environment.Should have valid flake.nix" time="0.001" asserts="0" success="False" result="Ignored" executed="False" />
              <test-case description="Should have pixi.toml" name="Development Environment.Should have pixi.toml" time="0.0011" asserts="0" success="False" result="Ignored" executed="False" />
              <test-case description="Should be able to enter dev shell" name="Development Environment.Should be able to enter dev shell" time="0.0012" asserts="0" success="False" result="Ignored" executed="False" />
            </results>
          </test-suite>
          <test-suite type="TestFixture" name="Cleanup" executed="True" result="Success" success="True" time="34.9246" asserts="0" description="Cleanup">
            <results>
              <test-case description="Should be able to shutdown WSL" name="Cleanup.Should be able to shutdown WSL" time="34.8527" asserts="0" success="True" result="Success" executed="True" />
            </results>
          </test-suite>
        </results>
      </test-suite>
    </results>
  </test-suite>
</test-results>